<?xml version="1.0" encoding="UTF-8"?>
<!-- Generated by org.testng.reporters.JUnitReportReporter -->
<testsuite hostname="DESKTOP-8T83S39" name="com.agm.Judi.tests.DemoTest" tests="1" failures="0" timestamp="10 May 2017 20:30:38 GMT" time="14.838" errors="0">
  <testcase name="Test" time="14.838" classname="com.agm.Judi.tests.DemoTest"/>
</testsuite> <!-- com.agm.Judi.tests.DemoTest -->
