<?xml version="1.0" encoding="UTF-8"?>
<!-- Generated by org.testng.reporters.JUnitReportReporter -->
<testsuite hostname="DESKTOP-8T83S39" name="com.agm.testRailTest.TestRailAPI" tests="1" failures="0" timestamp="16 May 2017 15:48:26 GMT" time="0.843" errors="0">
  <testcase name="TestRail" time="0.843" classname="com.agm.testRailTest.TestRailAPI"/>
</testsuite> <!-- com.agm.testRailTest.TestRailAPI -->
