<?xml version="1.0" encoding="UTF-8"?>
<!-- Generated by org.testng.reporters.JUnitReportReporter -->
<testsuite hostname="DESKTOP-8T83S39" name="com.agm.Judi.tests.DemoTest" tests="1" failures="0" timestamp="12 May 2017 16:15:06 GMT" time="31.684" errors="0">
  <testcase name="Test" time="31.684" classname="com.agm.Judi.tests.DemoTest"/>
</testsuite> <!-- com.agm.Judi.tests.DemoTest -->
