<?xml version="1.0" encoding="UTF-8"?>
<!-- Generated by org.testng.reporters.JUnitReportReporter -->
<testsuite hostname="DESKTOP-8T83S39" name="com.agm.Judi.tests.DemoTest2" tests="1" failures="0" timestamp="13 Jun 2017 14:53:34 GMT" time="0.013" errors="0">
  <testcase name="Demo" time="0.013" classname="com.agm.Judi.tests.DemoTest2"/>
</testsuite> <!-- com.agm.Judi.tests.DemoTest2 -->
