<?xml version="1.0" encoding="UTF-8"?>
<!-- Generated by org.testng.reporters.JUnitReportReporter -->
<testsuite hostname="DESKTOP-8T83S39" name="com.agm.Judi.tests.DemoTest2" tests="1" failures="0" timestamp="17 May 2017 18:44:28 GMT" time="1.060" errors="0">
  <testcase name="Demo" time="1.060" classname="com.agm.Judi.tests.DemoTest2"/>
</testsuite> <!-- com.agm.Judi.tests.DemoTest2 -->
