<?xml version="1.0" encoding="UTF-8"?>
<!-- Generated by org.testng.reporters.JUnitReportReporter -->
<testsuite hostname="DESKTOP-8T83S39" name="mypkg.TC1" tests="1" failures="0" timestamp="9 May 2017 19:13:07 GMT" time="12.120" errors="0">
  <testcase name="checkHome" time="12.120" classname="mypkg.TC1"/>
</testsuite> <!-- mypkg.TC1 -->
