<?xml version="1.0" encoding="UTF-8"?>
<!-- Generated by org.testng.reporters.JUnitReportReporter -->
<testsuite hostname="DESKTOP-8T83S39" name="com.agm.Judi.tests.DemoTest" tests="1" failures="0" timestamp="2 Jun 2017 18:46:26 GMT" time="91.533" errors="0">
  <testcase name="Test" time="91.533" classname="com.agm.Judi.tests.DemoTest"/>
</testsuite> <!-- com.agm.Judi.tests.DemoTest -->
