<?xml version="1.0" encoding="UTF-8"?>
<!-- Generated by org.testng.reporters.JUnitReportReporter -->
<testsuite hostname="DESKTOP-8T83S39" name="com.agm.testrail.TestResults" tests="1" failures="0" timestamp="17 May 2017 17:25:42 GMT" time="0.875" errors="0">
  <testcase name="funUpdateResults" time="0.875" classname="com.agm.testrail.TestResults"/>
</testsuite> <!-- com.agm.testrail.TestResults -->
