<?xml version="1.0" encoding="UTF-8"?>
<!-- Generated by org.testng.reporters.JUnitReportReporter -->
<testsuite hostname="DESKTOP-8T83S39" name="com.agm.Judi.tests.DemoTest2" tests="1" failures="0" timestamp="2 Jun 2017 15:53:23 GMT" time="0.924" errors="0">
  <testcase name="Demo" time="0.924" classname="com.agm.Judi.tests.DemoTest2"/>
</testsuite> <!-- com.agm.Judi.tests.DemoTest2 -->
