<?xml version="1.0" encoding="UTF-8"?>
<!-- Generated by org.testng.reporters.JUnitReportReporter -->
<testsuite hostname="DESKTOP-8T83S39" name="com.agm.framework.FunctionLibraries.CommonFunctions" tests="1" failures="0" timestamp="9 May 2017 23:47:02 GMT" time="12.916" errors="0">
  <testcase name="Demo" time="12.916" classname="com.agm.framework.FunctionLibraries.CommonFunctions"/>
</testsuite> <!-- com.agm.framework.FunctionLibraries.CommonFunctions -->
