<?xml version="1.0" encoding="UTF-8"?>
<!-- Generated by org.testng.reporters.JUnitReportReporter -->
<testsuite hostname="DESKTOP-8T83S39" name="com.agm.Judi.tests.DemoTest2" tests="1" failures="0" timestamp="12 Jun 2017 19:21:10 GMT" time="2.018" errors="0">
  <testcase name="Demo" time="2.018" classname="com.agm.Judi.tests.DemoTest2"/>
</testsuite> <!-- com.agm.Judi.tests.DemoTest2 -->
