<?xml version="1.0" encoding="UTF-8"?>
<!-- Generated by org.testng.reporters.JUnitReportReporter -->
<testsuite hostname="DESKTOP-8T83S39" name="com.agm.Judi.tests.DemoTest" tests="1" failures="0" timestamp="18 May 2017 20:03:57 GMT" time="32.272" errors="0">
  <testcase name="Test" time="32.272" classname="com.agm.Judi.tests.DemoTest"/>
</testsuite> <!-- com.agm.Judi.tests.DemoTest -->
